<?xml version="1.0" encoding="UTF-8" ?>
<testsuite failures="0" time="0.032" errors="0" skipped="0" tests="10" name="org.openapplicant.dao.hibernate.ResponseDAOTest">
  <properties>
    <property name="java.runtime.name" value="Java(TM) SE Runtime Environment"/>
    <property name="sun.boot.library.path" value="c:\Program Files\Java\jdk1.6.0_24\jre\bin"/>
    <property name="java.vm.version" value="19.1-b02"/>
    <property name="java.vm.vendor" value="Sun Microsystems Inc."/>
    <property name="java.vendor.url" value="http://java.sun.com/"/>
    <property name="path.separator" value=";"/>
    <property name="guice.disable.misplaced.annotation.check" value="true"/>
    <property name="java.vm.name" value="Java HotSpot(TM) Client VM"/>
    <property name="file.encoding.pkg" value="sun.io"/>
    <property name="user.country" value="CN"/>
    <property name="sun.java.launcher" value="SUN_STANDARD"/>
    <property name="sun.os.patch.level" value="Service Pack 3"/>
    <property name="java.vm.specification.name" value="Java Virtual Machine Specification"/>
    <property name="user.dir" value="f:\Repo\social_listen\oa-parent\oa-web"/>
    <property name="java.runtime.version" value="1.6.0_24-b07"/>
    <property name="java.awt.graphicsenv" value="sun.awt.Win32GraphicsEnvironment"/>
    <property name="java.endorsed.dirs" value="c:\Program Files\Java\jdk1.6.0_24\jre\lib\endorsed"/>
    <property name="os.arch" value="x86"/>
    <property name="java.io.tmpdir" value="C:\DOCUME~1\ADMINI~1\LOCALS~1\Temp\"/>
    <property name="line.separator" value="
"/>
    <property name="java.vm.specification.vendor" value="Sun Microsystems Inc."/>
    <property name="user.variant" value=""/>
    <property name="os.name" value="Windows XP"/>
    <property name="classworlds.conf" value="f:/apache-maven-3.0.4-bin/apache-maven-3.0.4/bin/m2.conf"/>
    <property name="sun.jnu.encoding" value="GBK"/>
    <property name="java.library.path" value="c:\Program Files\Java\jdk1.6.0_24\bin;.;C:\WINDOWS\Sun\Java\bin;C:\WINDOWS\system32;C:\WINDOWS;/c/Documents and Settings/Administrator/bin:.:/usr/local/bin:/mingw/bin:/bin:/bin:/d/Program Files/PHP/:/c/Program Files/Java/jdk1.6.0_24/bin:/c/WINDOWS/system32:/c/WINDOWS:/c/WINDOWS/System32/Wbem:/c/Program Files/Common Files/Thunder Network/KanKan/Codecs:/c/Program Files/Microsoft SQL Server/100/Tools/Binn/:/c/Program Files/Microsoft SQL Server/100/DTS/Binn/:/d/Program Files/TortoiseSVN/bin:/c/Program Files/SinoVoice/jTTS 5.0 Desktop/Bin:/d/Program Files/Graphviz2.26.3/bin:/f/apache-maven-3.0.4-bin/apache-maven-3.0.4/bin:/c/Program Files/OpenVPN/bin
"/>
    <property name="java.specification.name" value="Java Platform API Specification"/>
    <property name="java.class.version" value="50.0"/>
    <property name="sun.management.compiler" value="HotSpot Client Compiler"/>
    <property name="os.version" value="5.1"/>
    <property name="user.home" value="C:\Documents and Settings\Administrator"/>
    <property name="user.timezone" value="Asia/Shanghai"/>
    <property name="java.awt.printerjob" value="sun.awt.windows.WPrinterJob"/>
    <property name="file.encoding" value="GBK"/>
    <property name="java.specification.version" value="1.6"/>
    <property name="user.name" value="Administrator"/>
    <property name="java.class.path" value="f:/apache-maven-3.0.4-bin/apache-maven-3.0.4/boot/plexus-classworlds-2.4.jar"/>
    <property name="java.vm.specification.version" value="1.0"/>
    <property name="sun.arch.data.model" value="32"/>
    <property name="java.home" value="c:\Program Files\Java\jdk1.6.0_24\jre"/>
    <property name="java.specification.vendor" value="Sun Microsystems Inc."/>
    <property name="user.language" value="zh"/>
    <property name="awt.toolkit" value="sun.awt.windows.WToolkit"/>
    <property name="java.vm.info" value="mixed mode, sharing"/>
    <property name="java.version" value="1.6.0_24"/>
    <property name="java.ext.dirs" value="c:\Program Files\Java\jdk1.6.0_24\jre\lib\ext;C:\WINDOWS\Sun\Java\lib\ext"/>
    <property name="sun.boot.class.path" value="c:\Program Files\Java\jdk1.6.0_24\jre\lib\resources.jar;c:\Program Files\Java\jdk1.6.0_24\jre\lib\rt.jar;c:\Program Files\Java\jdk1.6.0_24\jre\lib\sunrsasign.jar;c:\Program Files\Java\jdk1.6.0_24\jre\lib\jsse.jar;c:\Program Files\Java\jdk1.6.0_24\jre\lib\jce.jar;c:\Program Files\Java\jdk1.6.0_24\jre\lib\charsets.jar;c:\Program Files\Java\jdk1.6.0_24\jre\lib\modules\jdk.boot.jar;c:\Program Files\Java\jdk1.6.0_24\jre\classes"/>
    <property name="java.vendor" value="Sun Microsystems Inc."/>
    <property name="maven.home" value="f:\apache-maven-3.0.4-bin\apache-maven-3.0.4"/>
    <property name="file.separator" value="\"/>
    <property name="java.vendor.url.bug" value="http://java.sun.com/cgi-bin/bugreport.cgi"/>
    <property name="sun.cpu.endian" value="little"/>
    <property name="sun.io.unicode.encoding" value="UnicodeLittle"/>
    <property name="sun.desktop" value="windows"/>
    <property name="sun.cpu.isalist" value=""/>
  </properties>
  <testcase time="0" classname="org.openapplicant.dao.hibernate.ResponseDAOTest" name="save_defaults"/>
  <testcase time="0" classname="org.openapplicant.dao.hibernate.ResponseDAOTest" name="save_grade"/>
  <testcase time="0.016" classname="org.openapplicant.dao.hibernate.ResponseDAOTest" name="findByGuid"/>
  <testcase time="0" classname="org.openapplicant.dao.hibernate.ResponseDAOTest" name="find_failed"/>
  <testcase time="0" classname="org.openapplicant.dao.hibernate.ResponseDAOTest" name="findByGuidOrNull"/>
  <testcase time="0" classname="org.openapplicant.dao.hibernate.ResponseDAOTest" name="findByGuid_failed"/>
  <testcase time="0" classname="org.openapplicant.dao.hibernate.ResponseDAOTest" name="find"/>
  <testcase time="0.016" classname="org.openapplicant.dao.hibernate.ResponseDAOTest" name="save"/>
  <testcase time="0" classname="org.openapplicant.dao.hibernate.ResponseDAOTest" name="delete"/>
  <testcase time="0" classname="org.openapplicant.dao.hibernate.ResponseDAOTest" name="validate"/>
</testsuite>