<?xml version="1.0" encoding="UTF-8" ?>
<testsuite failures="0" time="0.001" errors="0" skipped="0" tests="2" name="org.openapplicant.util.VerifyTest">
  <properties>
    <property name="java.runtime.name" value="Java(TM) SE Runtime Environment"/>
    <property name="sun.boot.library.path" value="c:\Program Files\Java\jdk1.7.0_02\jre\bin"/>
    <property name="java.vm.version" value="22.0-b10"/>
    <property name="user.country.format" value="CN"/>
    <property name="java.vm.vendor" value="Oracle Corporation"/>
    <property name="java.vendor.url" value="http://java.oracle.com/"/>
    <property name="path.separator" value=";"/>
    <property name="java.vm.name" value="Java HotSpot(TM) 64-Bit Server VM"/>
    <property name="file.encoding.pkg" value="sun.io"/>
    <property name="user.script" value=""/>
    <property name="user.country" value="US"/>
    <property name="sun.java.launcher" value="SUN_STANDARD"/>
    <property name="sun.os.patch.level" value="Service Pack 1"/>
    <property name="java.vm.specification.name" value="Java Virtual Machine Specification"/>
    <property name="user.dir" value="e:\learn\repository\oa-parent\oa-web"/>
    <property name="java.runtime.version" value="1.7.0_02-b13"/>
    <property name="java.awt.graphicsenv" value="sun.awt.Win32GraphicsEnvironment"/>
    <property name="basedir" value="e:\learn\repository\oa-parent\oa-web"/>
    <property name="java.endorsed.dirs" value="c:\Program Files\Java\jdk1.7.0_02\jre\lib\endorsed"/>
    <property name="os.arch" value="amd64"/>
    <property name="surefire.real.class.path" value="C:\Users\ADMINI~1\AppData\Local\Temp\1\surefirebooter4573557075423943972.jar"/>
    <property name="java.io.tmpdir" value="C:\Users\ADMINI~1\AppData\Local\Temp\1\"/>
    <property name="line.separator" value="
"/>
    <property name="java.vm.specification.vendor" value="Oracle Corporation"/>
    <property name="user.variant" value=""/>
    <property name="os.name" value="Windows Server 2008 R2"/>
    <property name="sun.jnu.encoding" value="GBK"/>
    <property name="java.library.path" value="c:\Program Files\Java\jdk1.7.0_02\jre\bin;C:\Windows\Sun\Java\bin;C:\Windows\system32;C:\Windows;c:\Users\Administrator\bin;.;C:\Program Files (x86)\Git\local\bin;C:\Program Files (x86)\Git\mingw\bin;C:\Program Files (x86)\Git\bin;c:\Program Files\Java\jdk1.7.0_02\bin;c:\Windows\system32;c:\Windows;c:\Windows\System32\Wbem;c:\Windows\System32\WindowsPowerShell\v1.0\;c:\Program Files (x86)\Common Files\Thunder Network\KanKan\Codecs;c:\Program Files (x86)\Microsoft SQL Server\100\Tools\Binn\;c:\Program Files\Microsoft SQL Server\100\Tools\Binn\;c:\Program Files\Microsoft SQL Server\100\DTS\Binn\;c:\Program Files (x86)\Microsoft SQL Server\100\Tools\Binn\VSShell\Common7\IDE\;c:\Program Files (x86)\Microsoft Visual Studio 9.0\Common7\IDE\PrivateAssemblies\;c:\Program Files (x86)\Microsoft SQL Server\100\DTS\Binn\;c:\Program Files\TortoiseSVN\bin;c:\Program Files (x86)\Calibre2\;e:\Learn\Tool\apache-maven-2.2.1\bin;c:\Program Files\MySQL\MySQL Server 5.5\bin;e:\Learn\Utility\UTF8Converter\UTF8Converter\bin;c:\Program Files (x86)\OpenVPN\bin;."/>
    <property name="surefire.test.class.path" value="e:\learn\repository\oa-parent\oa-web\target\test-classes;e:\learn\repository\oa-parent\oa-web\target\classes;C:\Users\Administrator\.m2\repository\org\directwebremoting\dwr\2.0.3\dwr-2.0.3.jar;C:\Users\Administrator\.m2\repository\org\springframework\spring-beans\2.5.5\spring-beans-2.5.5.jar;C:\Users\Administrator\.m2\repository\commons-logging\commons-logging\1.1.1\commons-logging-1.1.1.jar;C:\Users\Administrator\.m2\repository\org\springframework\spring-core\2.5.5\spring-core-2.5.5.jar;C:\Users\Administrator\.m2\repository\org\springframework\spring-jdbc\2.5.5\spring-jdbc-2.5.5.jar;C:\Users\Administrator\.m2\repository\org\springframework\spring-context\2.5.5\spring-context-2.5.5.jar;C:\Users\Administrator\.m2\repository\aopalliance\aopalliance\1.0\aopalliance-1.0.jar;C:\Users\Administrator\.m2\repository\org\springframework\spring-tx\2.5.5\spring-tx-2.5.5.jar;C:\Users\Administrator\.m2\repository\org\springframework\spring-orm\2.5.5\spring-orm-2.5.5.jar;C:\Users\Administrator\.m2\repository\org\springframework\spring-web\2.5.5\spring-web-2.5.5.jar;C:\Users\Administrator\.m2\repository\org\springframework\spring-aop\2.5.5\spring-aop-2.5.5.jar;C:\Users\Administrator\.m2\repository\org\springframework\spring-webmvc\2.5.5\spring-webmvc-2.5.5.jar;C:\Users\Administrator\.m2\repository\org\springframework\spring-context-support\2.5.5\spring-context-support-2.5.5.jar;C:\Users\Administrator\.m2\repository\org\springframework\spring-aspects\2.5.5\spring-aspects-2.5.5.jar;C:\Users\Administrator\.m2\repository\org\aspectj\aspectjrt\1.6.0\aspectjrt-1.6.0.jar;C:\Users\Administrator\.m2\repository\org\aspectj\aspectjweaver\1.6.0\aspectjweaver-1.6.0.jar;C:\Users\Administrator\.m2\repository\org\springframework\spring-test\2.5.5\spring-test-2.5.5.jar;C:\Users\Administrator\.m2\repository\junit\junit\4.4\junit-4.4.jar;C:\Users\Administrator\.m2\repository\org\springframework\security\spring-security-core\2.0.4\spring-security-core-2.0.4.jar;C:\Users\Administrator\.m2\repository\org\springframework\spring-support\2.0.8\spring-support-2.0.8.jar;C:\Users\Administrator\.m2\repository\commons-codec\commons-codec\1.3\commons-codec-1.3.jar;C:\Users\Administrator\.m2\repository\commons-collections\commons-collections\3.2.1\commons-collections-3.2.1.jar;C:\Users\Administrator\.m2\repository\org\springframework\security\spring-security-taglibs\2.0.4\spring-security-taglibs-2.0.4.jar;C:\Users\Administrator\.m2\repository\org\springframework\security\spring-security-acl\2.0.4\spring-security-acl-2.0.4.jar;C:\Users\Administrator\.m2\repository\org\apache\tiles\tiles-core\2.1.0\tiles-core-2.1.0.jar;C:\Users\Administrator\.m2\repository\org\apache\tiles\tiles-api\2.1.0\tiles-api-2.1.0.jar;C:\Users\Administrator\.m2\repository\commons-logging\commons-logging-api\1.1\commons-logging-api-1.1.jar;C:\Users\Administrator\.m2\repository\commons-digester\commons-digester\1.8\commons-digester-1.8.jar;C:\Users\Administrator\.m2\repository\commons-beanutils\commons-beanutils\1.8.0\commons-beanutils-1.8.0.jar;C:\Users\Administrator\.m2\repository\org\apache\tiles\tiles-jsp\2.1.0\tiles-jsp-2.1.0.jar;C:\Users\Administrator\.m2\repository\org\apache\tiles\tiles-servlet\2.1.0\tiles-servlet-2.1.0.jar;C:\Users\Administrator\.m2\repository\org\hibernate\hibernate-annotations\3.3.1.GA\hibernate-annotations-3.3.1.GA.jar;C:\Users\Administrator\.m2\repository\org\hibernate\hibernate\3.2.6.ga\hibernate-3.2.6.ga.jar;C:\Users\Administrator\.m2\repository\net\sf\ehcache\ehcache\1.2.3\ehcache-1.2.3.jar;C:\Users\Administrator\.m2\repository\javax\transaction\jta\1.1\jta-1.1.jar;C:\Users\Administrator\.m2\repository\asm\asm-attrs\1.5.3\asm-attrs-1.5.3.jar;C:\Users\Administrator\.m2\repository\dom4j\dom4j\1.6.1\dom4j-1.6.1.jar;C:\Users\Administrator\.m2\repository\antlr\antlr\2.7.6\antlr-2.7.6.jar;C:\Users\Administrator\.m2\repository\cglib\cglib\2.1\cglib-2.1.jar;C:\Users\Administrator\.m2\repository\asm\asm\1.5.3\asm-1.5.3.jar;C:\Users\Administrator\.m2\repository\org\hibernate\hibernate-commons-annotations\3.0.0.ga\hibernate-commons-annotations-3.0.0.ga.jar;C:\Users\Administrator\.m2\repository\org\hibernate\ejb3-persistence\1.0.1.GA\ejb3-persistence-1.0.1.GA.jar;C:\Users\Administrator\.m2\repository\org\hibernate\hibernate-validator\3.0.0.ga\hibernate-validator-3.0.0.ga.jar;C:\Users\Administrator\.m2\repository\asm\asm-util\1.3.4\asm-util-1.3.4.jar;C:\Users\Administrator\.m2\repository\aspectwerkz\aspectwerkz-core\0.8.1\aspectwerkz-core-0.8.1.jar;C:\Users\Administrator\.m2\repository\org\jasypt\jasypt\1.5\jasypt-1.5.jar;C:\Users\Administrator\.m2\repository\commons-lang\commons-lang\2.4\commons-lang-2.4.jar;C:\Users\Administrator\.m2\repository\com\ibm\icu\icu4j\3.8\icu4j-3.8.jar;C:\Users\Administrator\.m2\repository\commons-io\commons-io\1.4\commons-io-1.4.jar;C:\Users\Administrator\.m2\repository\commons-fileupload\commons-fileupload\1.2.1\commons-fileupload-1.2.1.jar;C:\Users\Administrator\.m2\repository\log4j\log4j\1.2.15\log4j-1.2.15.jar;C:\Users\Administrator\.m2\repository\javax\mail\mail\1.4.4\mail-1.4.4.jar;C:\Users\Administrator\.m2\repository\javax\activation\activation\1.1\activation-1.1.jar;C:\Users\Administrator\.m2\repository\org\apache\poi\poi\3.0.2-FINAL\poi-3.0.2-FINAL.jar;C:\Users\Administrator\.m2\repository\org\apache\poi\poi-scratchpad\3.0.2-FINAL\poi-scratchpad-3.0.2-FINAL.jar;C:\Users\Administrator\.m2\repository\pdfbox\pdfbox\0.7.3\pdfbox-0.7.3.jar;C:\Users\Administrator\.m2\repository\org\fontbox\fontbox\0.1.0\fontbox-0.1.0.jar;C:\Users\Administrator\.m2\repository\org\jempbox\jempbox\0.2.0\jempbox-0.2.0.jar;C:\Users\Administrator\.m2\repository\bouncycastle\bcmail-jdk14\136\bcmail-jdk14-136.jar;C:\Users\Administrator\.m2\repository\bouncycastle\bcprov-jdk14\136\bcprov-jdk14-136.jar;C:\Users\Administrator\.m2\repository\org\easymock\easymock\2.4\easymock-2.4.jar;C:\Users\Administrator\.m2\repository\org\easymock\easymockclassextension\2.4\easymockclassextension-2.4.jar;C:\Users\Administrator\.m2\repository\cglib\cglib-nodep\2.1_3\cglib-nodep-2.1_3.jar;C:\Users\Administrator\.m2\repository\mysql\mysql-connector-java\5.1.6\mysql-connector-java-5.1.6.jar;C:\Users\Administrator\.m2\repository\com\lowagie\itext\2.0.6\itext-2.0.6.jar;C:\Users\Administrator\.m2\repository\gr\abiss\mvn\plugins\maven-jstools-plugin\0.7\maven-jstools-plugin-0.7.jar;C:\Users\Administrator\.m2\repository\org\apache\maven\plugins\maven-jar-plugin\2.1\maven-jar-plugin-2.1.jar;C:\Users\Administrator\.m2\repository\org\apache\maven\maven-plugin-api\2.0\maven-plugin-api-2.0.jar;C:\Users\Administrator\.m2\repository\org\apache\maven\maven-project\2.0\maven-project-2.0.jar;C:\Users\Administrator\.m2\repository\org\apache\maven\maven-profile\2.0\maven-profile-2.0.jar;C:\Users\Administrator\.m2\repository\org\apache\maven\maven-model\2.0\maven-model-2.0.jar;C:\Users\Administrator\.m2\repository\org\codehaus\plexus\plexus-utils\1.0.4\plexus-utils-1.0.4.jar;C:\Users\Administrator\.m2\repository\org\codehaus\plexus\plexus-container-default\1.0-alpha-8\plexus-container-default-1.0-alpha-8.jar;C:\Users\Administrator\.m2\repository\classworlds\classworlds\1.1-alpha-2\classworlds-1.1-alpha-2.jar;C:\Users\Administrator\.m2\repository\org\apache\maven\maven-artifact-manager\2.0\maven-artifact-manager-2.0.jar;C:\Users\Administrator\.m2\repository\org\apache\maven\maven-repository-metadata\2.0\maven-repository-metadata-2.0.jar;C:\Users\Administrator\.m2\repository\org\apache\maven\maven-artifact\2.0\maven-artifact-2.0.jar;C:\Users\Administrator\.m2\repository\org\apache\maven\wagon\wagon-provider-api\1.0-alpha-5\wagon-provider-api-1.0-alpha-5.jar;C:\Users\Administrator\.m2\repository\org\apache\maven\maven-archiver\2.2\maven-archiver-2.2.jar;C:\Users\Administrator\.m2\repository\org\codehaus\plexus\plexus-archiver\1.0-alpha-9\plexus-archiver-1.0-alpha-9.jar;C:\Users\Administrator\.m2\repository\org\apache\maven\reporting\maven-reporting-api\2.0\maven-reporting-api-2.0.jar;C:\Users\Administrator\.m2\repository\doxia\doxia-sink-api\1.0-alpha-4\doxia-sink-api-1.0-alpha-4.jar;C:\Users\Administrator\.m2\repository\org\apache\maven\reporting\maven-reporting-impl\2.0\maven-reporting-impl-2.0.jar;C:\Users\Administrator\.m2\repository\commons-validator\commons-validator\1.1.4\commons-validator-1.1.4.jar;C:\Users\Administrator\.m2\repository\oro\oro\2.0.7\oro-2.0.7.jar;C:\Users\Administrator\.m2\repository\doxia\doxia-core\1.0-alpha-4\doxia-core-1.0-alpha-4.jar;C:\Users\Administrator\.m2\repository\org\codehaus\plexus\plexus-io\1.0-alpha-1\plexus-io-1.0-alpha-1.jar;C:\Users\Administrator\.m2\repository\javax\servlet\jstl\1.2\jstl-1.2.jar;C:\Users\Administrator\.m2\repository\javax\servlet\servlet-api\2.5\servlet-api-2.5.jar;C:\Users\Administrator\.m2\repository\javax\servlet\jsp\jsp-api\2.1\jsp-api-2.1.jar;C:\Users\Administrator\.m2\repository\javax\persistence\persistence-api\1.0\persistence-api-1.0.jar;C:\Users\Administrator\.m2\repository\javax\annotation\jsr250-api\1.0\jsr250-api-1.0.jar;C:\Users\Administrator\.m2\repository\org\opensymphony\quartz\quartz\1.6.1\quartz-1.6.1.jar;"/>
    <property name="java.specification.name" value="Java Platform API Specification"/>
    <property name="java.class.version" value="51.0"/>
    <property name="sun.management.compiler" value="HotSpot 64-Bit Tiered Compilers"/>
    <property name="os.version" value="6.1"/>
    <property name="user.home" value="C:\Users\Administrator"/>
    <property name="user.timezone" value="Asia/Shanghai"/>
    <property name="java.awt.printerjob" value="sun.awt.windows.WPrinterJob"/>
    <property name="java.specification.version" value="1.7"/>
    <property name="file.encoding" value="GBK"/>
    <property name="user.name" value="Administrator"/>
    <property name="java.class.path" value="e:\learn\repository\oa-parent\oa-web\target\test-classes;e:\learn\repository\oa-parent\oa-web\target\classes;C:\Users\Administrator\.m2\repository\org\directwebremoting\dwr\2.0.3\dwr-2.0.3.jar;C:\Users\Administrator\.m2\repository\org\springframework\spring-beans\2.5.5\spring-beans-2.5.5.jar;C:\Users\Administrator\.m2\repository\commons-logging\commons-logging\1.1.1\commons-logging-1.1.1.jar;C:\Users\Administrator\.m2\repository\org\springframework\spring-core\2.5.5\spring-core-2.5.5.jar;C:\Users\Administrator\.m2\repository\org\springframework\spring-jdbc\2.5.5\spring-jdbc-2.5.5.jar;C:\Users\Administrator\.m2\repository\org\springframework\spring-context\2.5.5\spring-context-2.5.5.jar;C:\Users\Administrator\.m2\repository\aopalliance\aopalliance\1.0\aopalliance-1.0.jar;C:\Users\Administrator\.m2\repository\org\springframework\spring-tx\2.5.5\spring-tx-2.5.5.jar;C:\Users\Administrator\.m2\repository\org\springframework\spring-orm\2.5.5\spring-orm-2.5.5.jar;C:\Users\Administrator\.m2\repository\org\springframework\spring-web\2.5.5\spring-web-2.5.5.jar;C:\Users\Administrator\.m2\repository\org\springframework\spring-aop\2.5.5\spring-aop-2.5.5.jar;C:\Users\Administrator\.m2\repository\org\springframework\spring-webmvc\2.5.5\spring-webmvc-2.5.5.jar;C:\Users\Administrator\.m2\repository\org\springframework\spring-context-support\2.5.5\spring-context-support-2.5.5.jar;C:\Users\Administrator\.m2\repository\org\springframework\spring-aspects\2.5.5\spring-aspects-2.5.5.jar;C:\Users\Administrator\.m2\repository\org\aspectj\aspectjrt\1.6.0\aspectjrt-1.6.0.jar;C:\Users\Administrator\.m2\repository\org\aspectj\aspectjweaver\1.6.0\aspectjweaver-1.6.0.jar;C:\Users\Administrator\.m2\repository\org\springframework\spring-test\2.5.5\spring-test-2.5.5.jar;C:\Users\Administrator\.m2\repository\junit\junit\4.4\junit-4.4.jar;C:\Users\Administrator\.m2\repository\org\springframework\security\spring-security-core\2.0.4\spring-security-core-2.0.4.jar;C:\Users\Administrator\.m2\repository\org\springframework\spring-support\2.0.8\spring-support-2.0.8.jar;C:\Users\Administrator\.m2\repository\commons-codec\commons-codec\1.3\commons-codec-1.3.jar;C:\Users\Administrator\.m2\repository\commons-collections\commons-collections\3.2.1\commons-collections-3.2.1.jar;C:\Users\Administrator\.m2\repository\org\springframework\security\spring-security-taglibs\2.0.4\spring-security-taglibs-2.0.4.jar;C:\Users\Administrator\.m2\repository\org\springframework\security\spring-security-acl\2.0.4\spring-security-acl-2.0.4.jar;C:\Users\Administrator\.m2\repository\org\apache\tiles\tiles-core\2.1.0\tiles-core-2.1.0.jar;C:\Users\Administrator\.m2\repository\org\apache\tiles\tiles-api\2.1.0\tiles-api-2.1.0.jar;C:\Users\Administrator\.m2\repository\commons-logging\commons-logging-api\1.1\commons-logging-api-1.1.jar;C:\Users\Administrator\.m2\repository\commons-digester\commons-digester\1.8\commons-digester-1.8.jar;C:\Users\Administrator\.m2\repository\commons-beanutils\commons-beanutils\1.8.0\commons-beanutils-1.8.0.jar;C:\Users\Administrator\.m2\repository\org\apache\tiles\tiles-jsp\2.1.0\tiles-jsp-2.1.0.jar;C:\Users\Administrator\.m2\repository\org\apache\tiles\tiles-servlet\2.1.0\tiles-servlet-2.1.0.jar;C:\Users\Administrator\.m2\repository\org\hibernate\hibernate-annotations\3.3.1.GA\hibernate-annotations-3.3.1.GA.jar;C:\Users\Administrator\.m2\repository\org\hibernate\hibernate\3.2.6.ga\hibernate-3.2.6.ga.jar;C:\Users\Administrator\.m2\repository\net\sf\ehcache\ehcache\1.2.3\ehcache-1.2.3.jar;C:\Users\Administrator\.m2\repository\javax\transaction\jta\1.1\jta-1.1.jar;C:\Users\Administrator\.m2\repository\asm\asm-attrs\1.5.3\asm-attrs-1.5.3.jar;C:\Users\Administrator\.m2\repository\dom4j\dom4j\1.6.1\dom4j-1.6.1.jar;C:\Users\Administrator\.m2\repository\antlr\antlr\2.7.6\antlr-2.7.6.jar;C:\Users\Administrator\.m2\repository\cglib\cglib\2.1\cglib-2.1.jar;C:\Users\Administrator\.m2\repository\asm\asm\1.5.3\asm-1.5.3.jar;C:\Users\Administrator\.m2\repository\org\hibernate\hibernate-commons-annotations\3.0.0.ga\hibernate-commons-annotations-3.0.0.ga.jar;C:\Users\Administrator\.m2\repository\org\hibernate\ejb3-persistence\1.0.1.GA\ejb3-persistence-1.0.1.GA.jar;C:\Users\Administrator\.m2\repository\org\hibernate\hibernate-validator\3.0.0.ga\hibernate-validator-3.0.0.ga.jar;C:\Users\Administrator\.m2\repository\asm\asm-util\1.3.4\asm-util-1.3.4.jar;C:\Users\Administrator\.m2\repository\aspectwerkz\aspectwerkz-core\0.8.1\aspectwerkz-core-0.8.1.jar;C:\Users\Administrator\.m2\repository\org\jasypt\jasypt\1.5\jasypt-1.5.jar;C:\Users\Administrator\.m2\repository\commons-lang\commons-lang\2.4\commons-lang-2.4.jar;C:\Users\Administrator\.m2\repository\com\ibm\icu\icu4j\3.8\icu4j-3.8.jar;C:\Users\Administrator\.m2\repository\commons-io\commons-io\1.4\commons-io-1.4.jar;C:\Users\Administrator\.m2\repository\commons-fileupload\commons-fileupload\1.2.1\commons-fileupload-1.2.1.jar;C:\Users\Administrator\.m2\repository\log4j\log4j\1.2.15\log4j-1.2.15.jar;C:\Users\Administrator\.m2\repository\javax\mail\mail\1.4.4\mail-1.4.4.jar;C:\Users\Administrator\.m2\repository\javax\activation\activation\1.1\activation-1.1.jar;C:\Users\Administrator\.m2\repository\org\apache\poi\poi\3.0.2-FINAL\poi-3.0.2-FINAL.jar;C:\Users\Administrator\.m2\repository\org\apache\poi\poi-scratchpad\3.0.2-FINAL\poi-scratchpad-3.0.2-FINAL.jar;C:\Users\Administrator\.m2\repository\pdfbox\pdfbox\0.7.3\pdfbox-0.7.3.jar;C:\Users\Administrator\.m2\repository\org\fontbox\fontbox\0.1.0\fontbox-0.1.0.jar;C:\Users\Administrator\.m2\repository\org\jempbox\jempbox\0.2.0\jempbox-0.2.0.jar;C:\Users\Administrator\.m2\repository\bouncycastle\bcmail-jdk14\136\bcmail-jdk14-136.jar;C:\Users\Administrator\.m2\repository\bouncycastle\bcprov-jdk14\136\bcprov-jdk14-136.jar;C:\Users\Administrator\.m2\repository\org\easymock\easymock\2.4\easymock-2.4.jar;C:\Users\Administrator\.m2\repository\org\easymock\easymockclassextension\2.4\easymockclassextension-2.4.jar;C:\Users\Administrator\.m2\repository\cglib\cglib-nodep\2.1_3\cglib-nodep-2.1_3.jar;C:\Users\Administrator\.m2\repository\mysql\mysql-connector-java\5.1.6\mysql-connector-java-5.1.6.jar;C:\Users\Administrator\.m2\repository\com\lowagie\itext\2.0.6\itext-2.0.6.jar;C:\Users\Administrator\.m2\repository\gr\abiss\mvn\plugins\maven-jstools-plugin\0.7\maven-jstools-plugin-0.7.jar;C:\Users\Administrator\.m2\repository\org\apache\maven\plugins\maven-jar-plugin\2.1\maven-jar-plugin-2.1.jar;C:\Users\Administrator\.m2\repository\org\apache\maven\maven-plugin-api\2.0\maven-plugin-api-2.0.jar;C:\Users\Administrator\.m2\repository\org\apache\maven\maven-project\2.0\maven-project-2.0.jar;C:\Users\Administrator\.m2\repository\org\apache\maven\maven-profile\2.0\maven-profile-2.0.jar;C:\Users\Administrator\.m2\repository\org\apache\maven\maven-model\2.0\maven-model-2.0.jar;C:\Users\Administrator\.m2\repository\org\codehaus\plexus\plexus-utils\1.0.4\plexus-utils-1.0.4.jar;C:\Users\Administrator\.m2\repository\org\codehaus\plexus\plexus-container-default\1.0-alpha-8\plexus-container-default-1.0-alpha-8.jar;C:\Users\Administrator\.m2\repository\classworlds\classworlds\1.1-alpha-2\classworlds-1.1-alpha-2.jar;C:\Users\Administrator\.m2\repository\org\apache\maven\maven-artifact-manager\2.0\maven-artifact-manager-2.0.jar;C:\Users\Administrator\.m2\repository\org\apache\maven\maven-repository-metadata\2.0\maven-repository-metadata-2.0.jar;C:\Users\Administrator\.m2\repository\org\apache\maven\maven-artifact\2.0\maven-artifact-2.0.jar;C:\Users\Administrator\.m2\repository\org\apache\maven\wagon\wagon-provider-api\1.0-alpha-5\wagon-provider-api-1.0-alpha-5.jar;C:\Users\Administrator\.m2\repository\org\apache\maven\maven-archiver\2.2\maven-archiver-2.2.jar;C:\Users\Administrator\.m2\repository\org\codehaus\plexus\plexus-archiver\1.0-alpha-9\plexus-archiver-1.0-alpha-9.jar;C:\Users\Administrator\.m2\repository\org\apache\maven\reporting\maven-reporting-api\2.0\maven-reporting-api-2.0.jar;C:\Users\Administrator\.m2\repository\doxia\doxia-sink-api\1.0-alpha-4\doxia-sink-api-1.0-alpha-4.jar;C:\Users\Administrator\.m2\repository\org\apache\maven\reporting\maven-reporting-impl\2.0\maven-reporting-impl-2.0.jar;C:\Users\Administrator\.m2\repository\commons-validator\commons-validator\1.1.4\commons-validator-1.1.4.jar;C:\Users\Administrator\.m2\repository\oro\oro\2.0.7\oro-2.0.7.jar;C:\Users\Administrator\.m2\repository\doxia\doxia-core\1.0-alpha-4\doxia-core-1.0-alpha-4.jar;C:\Users\Administrator\.m2\repository\org\codehaus\plexus\plexus-io\1.0-alpha-1\plexus-io-1.0-alpha-1.jar;C:\Users\Administrator\.m2\repository\javax\servlet\jstl\1.2\jstl-1.2.jar;C:\Users\Administrator\.m2\repository\javax\servlet\servlet-api\2.5\servlet-api-2.5.jar;C:\Users\Administrator\.m2\repository\javax\servlet\jsp\jsp-api\2.1\jsp-api-2.1.jar;C:\Users\Administrator\.m2\repository\javax\persistence\persistence-api\1.0\persistence-api-1.0.jar;C:\Users\Administrator\.m2\repository\javax\annotation\jsr250-api\1.0\jsr250-api-1.0.jar;C:\Users\Administrator\.m2\repository\org\opensymphony\quartz\quartz\1.6.1\quartz-1.6.1.jar;"/>
    <property name="java.vm.specification.version" value="1.7"/>
    <property name="sun.arch.data.model" value="64"/>
    <property name="java.home" value="c:\Program Files\Java\jdk1.7.0_02\jre"/>
    <property name="sun.java.command" value="C:\Users\ADMINI~1\AppData\Local\Temp\1\surefirebooter4573557075423943972.jar C:\Users\ADMINI~1\AppData\Local\Temp\1\surefire8129191991743831734tmp C:\Users\ADMINI~1\AppData\Local\Temp\1\surefire7341537800585593437tmp"/>
    <property name="java.specification.vendor" value="Oracle Corporation"/>
    <property name="user.language" value="en"/>
    <property name="user.language.format" value="zh"/>
    <property name="awt.toolkit" value="sun.awt.windows.WToolkit"/>
    <property name="java.vm.info" value="mixed mode"/>
    <property name="java.version" value="1.7.0_02"/>
    <property name="java.ext.dirs" value="c:\Program Files\Java\jdk1.7.0_02\jre\lib\ext;C:\Windows\Sun\Java\lib\ext"/>
    <property name="sun.boot.class.path" value="c:\Program Files\Java\jdk1.7.0_02\jre\lib\resources.jar;c:\Program Files\Java\jdk1.7.0_02\jre\lib\rt.jar;c:\Program Files\Java\jdk1.7.0_02\jre\lib\sunrsasign.jar;c:\Program Files\Java\jdk1.7.0_02\jre\lib\jsse.jar;c:\Program Files\Java\jdk1.7.0_02\jre\lib\jce.jar;c:\Program Files\Java\jdk1.7.0_02\jre\lib\charsets.jar;c:\Program Files\Java\jdk1.7.0_02\jre\classes"/>
    <property name="java.vendor" value="Oracle Corporation"/>
    <property name="localRepository" value="C:\Users\Administrator\.m2\repository"/>
    <property name="file.separator" value="\"/>
    <property name="java.vendor.url.bug" value="http://bugreport.sun.com/bugreport/"/>
    <property name="sun.cpu.endian" value="little"/>
    <property name="sun.io.unicode.encoding" value="UnicodeLittle"/>
    <property name="sun.desktop" value="windows"/>
    <property name="sun.cpu.isalist" value="amd64"/>
  </properties>
  <testcase time="0" classname="org.openapplicant.util.VerifyTest" name="contains_false"/>
  <testcase time="0" classname="org.openapplicant.util.VerifyTest" name="contians"/>
</testsuite>